2021-01-29 00:00:01,136 DEBUG 44740 [Job#1611849601117295035332583681] /Users/caochengxiang/Downloads/Node Express KOA/RootNode/NodeEgg/node_modules/egg-logrotator/app/schedule/rotate_by_file.js finish event received by agent from worker#44741
2021-01-29 00:02:35,400 INFO 44780 [egg-schedule]: register schedule /Users/caochengxiang/Downloads/Node Express KOA/RootNode/NodeEgg/node_modules/egg-multipart/app/schedule/clean_tmpdir.js
2021-01-29 00:02:35,400 INFO 44780 [egg-schedule]: register schedule /Users/caochengxiang/Downloads/Node Express KOA/RootNode/NodeEgg/node_modules/egg-logrotator/app/schedule/clean_log.js
2021-01-29 00:02:35,400 INFO 44780 [egg-schedule]: register schedule /Users/caochengxiang/Downloads/Node Express KOA/RootNode/NodeEgg/node_modules/egg-logrotator/app/schedule/rotate_by_file.js
2021-01-29 00:02:46,686 INFO 44783 [egg-schedule]: register schedule /Users/caochengxiang/Downloads/Node Express KOA/RootNode/NodeEgg/node_modules/egg-multipart/app/schedule/clean_tmpdir.js
2021-01-29 00:02:46,686 INFO 44783 [egg-schedule]: register schedule /Users/caochengxiang/Downloads/Node Express KOA/RootNode/NodeEgg/node_modules/egg-logrotator/app/schedule/clean_log.js
2021-01-29 00:02:46,686 INFO 44783 [egg-schedule]: register schedule /Users/caochengxiang/Downloads/Node Express KOA/RootNode/NodeEgg/node_modules/egg-logrotator/app/schedule/rotate_by_file.js
2021-01-29 00:02:51,960 INFO 44787 [egg-schedule]: register schedule /Users/caochengxiang/Downloads/Node Express KOA/RootNode/NodeEgg/node_modules/egg-multipart/app/schedule/clean_tmpdir.js
2021-01-29 00:02:51,960 INFO 44787 [egg-schedule]: register schedule /Users/caochengxiang/Downloads/Node Express KOA/RootNode/NodeEgg/node_modules/egg-logrotator/app/schedule/clean_log.js
2021-01-29 00:02:51,960 INFO 44787 [egg-schedule]: register schedule /Users/caochengxiang/Downloads/Node Express KOA/RootNode/NodeEgg/node_modules/egg-logrotator/app/schedule/rotate_by_file.js
2021-01-29 00:02:58,770 INFO 44789 [egg-schedule]: register schedule /Users/caochengxiang/Downloads/Node Express KOA/RootNode/NodeEgg/node_modules/egg-multipart/app/schedule/clean_tmpdir.js
2021-01-29 00:02:58,770 INFO 44789 [egg-schedule]: register schedule /Users/caochengxiang/Downloads/Node Express KOA/RootNode/NodeEgg/node_modules/egg-logrotator/app/schedule/clean_log.js
2021-01-29 00:02:58,770 INFO 44789 [egg-schedule]: register schedule /Users/caochengxiang/Downloads/Node Express KOA/RootNode/NodeEgg/node_modules/egg-logrotator/app/schedule/rotate_by_file.js
2021-01-29 00:03:15,336 INFO 44796 [egg-schedule]: register schedule /Users/caochengxiang/Downloads/Node Express KOA/RootNode/NodeEgg/node_modules/egg-multipart/app/schedule/clean_tmpdir.js
2021-01-29 00:03:15,336 INFO 44796 [egg-schedule]: register schedule /Users/caochengxiang/Downloads/Node Express KOA/RootNode/NodeEgg/node_modules/egg-logrotator/app/schedule/clean_log.js
2021-01-29 00:03:15,336 INFO 44796 [egg-schedule]: register schedule /Users/caochengxiang/Downloads/Node Express KOA/RootNode/NodeEgg/node_modules/egg-logrotator/app/schedule/rotate_by_file.js
2021-01-29 00:03:58,430 INFO 44811 [egg-schedule]: register schedule /Users/caochengxiang/Downloads/Node Express KOA/RootNode/NodeEgg/node_modules/egg-multipart/app/schedule/clean_tmpdir.js
2021-01-29 00:03:58,430 INFO 44811 [egg-schedule]: register schedule /Users/caochengxiang/Downloads/Node Express KOA/RootNode/NodeEgg/node_modules/egg-logrotator/app/schedule/clean_log.js
2021-01-29 00:03:58,430 INFO 44811 [egg-schedule]: register schedule /Users/caochengxiang/Downloads/Node Express KOA/RootNode/NodeEgg/node_modules/egg-logrotator/app/schedule/rotate_by_file.js
2021-01-29 00:18:46,776 INFO 45020 [Timer] /Users/caochengxiang/Downloads/Node Express KOA/RootNode/NodeEgg/node_modules/egg-multipart/app/schedule/clean_tmpdir.js next time will execute after 15073229ms at 2021-01-29 04:30:00.005
2021-01-29 00:18:46,779 INFO 45020 [Timer] /Users/caochengxiang/Downloads/Node Express KOA/RootNode/NodeEgg/node_modules/egg-logrotator/app/schedule/clean_log.js next time will execute after 85273224ms at 2021-01-30 00:00:00.003
2021-01-29 00:18:46,780 INFO 45020 [Timer] /Users/caochengxiang/Downloads/Node Express KOA/RootNode/NodeEgg/node_modules/egg-logrotator/app/schedule/rotate_by_file.js next time will execute after 85274221ms at 2021-01-30 00:00:01.001
2021-01-29 00:18:46,201 INFO 45023 [egg-schedule]: register schedule /Users/caochengxiang/Downloads/Node Express KOA/RootNode/NodeEgg/node_modules/egg-multipart/app/schedule/clean_tmpdir.js
2021-01-29 00:18:46,201 INFO 45023 [egg-schedule]: register schedule /Users/caochengxiang/Downloads/Node Express KOA/RootNode/NodeEgg/node_modules/egg-logrotator/app/schedule/clean_log.js
2021-01-29 00:18:46,201 INFO 45023 [egg-schedule]: register schedule /Users/caochengxiang/Downloads/Node Express KOA/RootNode/NodeEgg/node_modules/egg-logrotator/app/schedule/rotate_by_file.js
2021-01-29 00:19:08,323 INFO 45036 [egg-schedule]: register schedule /Users/caochengxiang/Downloads/Node Express KOA/RootNode/NodeEgg/node_modules/egg-multipart/app/schedule/clean_tmpdir.js
2021-01-29 00:19:08,324 INFO 45036 [egg-schedule]: register schedule /Users/caochengxiang/Downloads/Node Express KOA/RootNode/NodeEgg/node_modules/egg-logrotator/app/schedule/clean_log.js
2021-01-29 00:19:08,324 INFO 45036 [egg-schedule]: register schedule /Users/caochengxiang/Downloads/Node Express KOA/RootNode/NodeEgg/node_modules/egg-logrotator/app/schedule/rotate_by_file.js
2021-01-29 00:19:12,105 INFO 45040 [egg-schedule]: register schedule /Users/caochengxiang/Downloads/Node Express KOA/RootNode/NodeEgg/node_modules/egg-multipart/app/schedule/clean_tmpdir.js
2021-01-29 00:19:12,105 INFO 45040 [egg-schedule]: register schedule /Users/caochengxiang/Downloads/Node Express KOA/RootNode/NodeEgg/node_modules/egg-logrotator/app/schedule/clean_log.js
2021-01-29 00:19:12,105 INFO 45040 [egg-schedule]: register schedule /Users/caochengxiang/Downloads/Node Express KOA/RootNode/NodeEgg/node_modules/egg-logrotator/app/schedule/rotate_by_file.js
2021-01-29 00:20:04,904 INFO 45048 [egg-schedule]: register schedule /Users/caochengxiang/Downloads/Node Express KOA/RootNode/NodeEgg/node_modules/egg-multipart/app/schedule/clean_tmpdir.js
2021-01-29 00:20:04,904 INFO 45048 [egg-schedule]: register schedule /Users/caochengxiang/Downloads/Node Express KOA/RootNode/NodeEgg/node_modules/egg-logrotator/app/schedule/clean_log.js
2021-01-29 00:20:04,904 INFO 45048 [egg-schedule]: register schedule /Users/caochengxiang/Downloads/Node Express KOA/RootNode/NodeEgg/node_modules/egg-logrotator/app/schedule/rotate_by_file.js
2021-01-29 00:20:18,741 INFO 45054 [egg-schedule]: register schedule /Users/caochengxiang/Downloads/Node Express KOA/RootNode/NodeEgg/node_modules/egg-multipart/app/schedule/clean_tmpdir.js
2021-01-29 00:20:18,741 INFO 45054 [egg-schedule]: register schedule /Users/caochengxiang/Downloads/Node Express KOA/RootNode/NodeEgg/node_modules/egg-logrotator/app/schedule/clean_log.js
2021-01-29 00:20:18,741 INFO 45054 [egg-schedule]: register schedule /Users/caochengxiang/Downloads/Node Express KOA/RootNode/NodeEgg/node_modules/egg-logrotator/app/schedule/rotate_by_file.js
2021-01-29 00:20:28,808 INFO 45057 [egg-schedule]: register schedule /Users/caochengxiang/Downloads/Node Express KOA/RootNode/NodeEgg/node_modules/egg-multipart/app/schedule/clean_tmpdir.js
2021-01-29 00:20:28,808 INFO 45057 [egg-schedule]: register schedule /Users/caochengxiang/Downloads/Node Express KOA/RootNode/NodeEgg/node_modules/egg-logrotator/app/schedule/clean_log.js
2021-01-29 00:20:28,808 INFO 45057 [egg-schedule]: register schedule /Users/caochengxiang/Downloads/Node Express KOA/RootNode/NodeEgg/node_modules/egg-logrotator/app/schedule/rotate_by_file.js
2021-01-29 00:21:19,502 INFO 45063 [egg-schedule]: register schedule /Users/caochengxiang/Downloads/Node Express KOA/RootNode/NodeEgg/node_modules/egg-multipart/app/schedule/clean_tmpdir.js
2021-01-29 00:21:19,502 INFO 45063 [egg-schedule]: register schedule /Users/caochengxiang/Downloads/Node Express KOA/RootNode/NodeEgg/node_modules/egg-logrotator/app/schedule/clean_log.js
2021-01-29 00:21:19,502 INFO 45063 [egg-schedule]: register schedule /Users/caochengxiang/Downloads/Node Express KOA/RootNode/NodeEgg/node_modules/egg-logrotator/app/schedule/rotate_by_file.js
2021-01-29 00:22:20,322 INFO 45075 [egg-schedule]: register schedule /Users/caochengxiang/Downloads/Node Express KOA/RootNode/NodeEgg/node_modules/egg-multipart/app/schedule/clean_tmpdir.js
2021-01-29 00:22:20,322 INFO 45075 [egg-schedule]: register schedule /Users/caochengxiang/Downloads/Node Express KOA/RootNode/NodeEgg/node_modules/egg-logrotator/app/schedule/clean_log.js
2021-01-29 00:22:20,322 INFO 45075 [egg-schedule]: register schedule /Users/caochengxiang/Downloads/Node Express KOA/RootNode/NodeEgg/node_modules/egg-logrotator/app/schedule/rotate_by_file.js
2021-01-29 00:22:32,973 INFO 45084 [egg-schedule]: register schedule /Users/caochengxiang/Downloads/Node Express KOA/RootNode/NodeEgg/node_modules/egg-multipart/app/schedule/clean_tmpdir.js
2021-01-29 00:22:32,973 INFO 45084 [egg-schedule]: register schedule /Users/caochengxiang/Downloads/Node Express KOA/RootNode/NodeEgg/node_modules/egg-logrotator/app/schedule/clean_log.js
2021-01-29 00:22:32,973 INFO 45084 [egg-schedule]: register schedule /Users/caochengxiang/Downloads/Node Express KOA/RootNode/NodeEgg/node_modules/egg-logrotator/app/schedule/rotate_by_file.js
2021-01-29 00:22:39,111 INFO 45091 [egg-schedule]: register schedule /Users/caochengxiang/Downloads/Node Express KOA/RootNode/NodeEgg/node_modules/egg-multipart/app/schedule/clean_tmpdir.js
2021-01-29 00:22:39,111 INFO 45091 [egg-schedule]: register schedule /Users/caochengxiang/Downloads/Node Express KOA/RootNode/NodeEgg/node_modules/egg-logrotator/app/schedule/clean_log.js
2021-01-29 00:22:39,111 INFO 45091 [egg-schedule]: register schedule /Users/caochengxiang/Downloads/Node Express KOA/RootNode/NodeEgg/node_modules/egg-logrotator/app/schedule/rotate_by_file.js
2021-01-29 00:22:46,591 INFO 45092 [egg-schedule]: register schedule /Users/caochengxiang/Downloads/Node Express KOA/RootNode/NodeEgg/node_modules/egg-multipart/app/schedule/clean_tmpdir.js
2021-01-29 00:22:46,591 INFO 45092 [egg-schedule]: register schedule /Users/caochengxiang/Downloads/Node Express KOA/RootNode/NodeEgg/node_modules/egg-logrotator/app/schedule/clean_log.js
2021-01-29 00:22:46,591 INFO 45092 [egg-schedule]: register schedule /Users/caochengxiang/Downloads/Node Express KOA/RootNode/NodeEgg/node_modules/egg-logrotator/app/schedule/rotate_by_file.js
2021-01-29 00:22:49,761 INFO 45095 [egg-schedule]: register schedule /Users/caochengxiang/Downloads/Node Express KOA/RootNode/NodeEgg/node_modules/egg-multipart/app/schedule/clean_tmpdir.js
2021-01-29 00:22:49,761 INFO 45095 [egg-schedule]: register schedule /Users/caochengxiang/Downloads/Node Express KOA/RootNode/NodeEgg/node_modules/egg-logrotator/app/schedule/clean_log.js
2021-01-29 00:22:49,761 INFO 45095 [egg-schedule]: register schedule /Users/caochengxiang/Downloads/Node Express KOA/RootNode/NodeEgg/node_modules/egg-logrotator/app/schedule/rotate_by_file.js
2021-01-29 00:23:46,808 INFO 45110 [egg-schedule]: register schedule /Users/caochengxiang/Downloads/Node Express KOA/RootNode/NodeEgg/node_modules/egg-multipart/app/schedule/clean_tmpdir.js
2021-01-29 00:23:46,808 INFO 45110 [egg-schedule]: register schedule /Users/caochengxiang/Downloads/Node Express KOA/RootNode/NodeEgg/node_modules/egg-logrotator/app/schedule/clean_log.js
2021-01-29 00:23:46,808 INFO 45110 [egg-schedule]: register schedule /Users/caochengxiang/Downloads/Node Express KOA/RootNode/NodeEgg/node_modules/egg-logrotator/app/schedule/rotate_by_file.js
2021-01-29 00:23:58,356 INFO 45111 [egg-schedule]: register schedule /Users/caochengxiang/Downloads/Node Express KOA/RootNode/NodeEgg/node_modules/egg-multipart/app/schedule/clean_tmpdir.js
2021-01-29 00:23:58,356 INFO 45111 [egg-schedule]: register schedule /Users/caochengxiang/Downloads/Node Express KOA/RootNode/NodeEgg/node_modules/egg-logrotator/app/schedule/clean_log.js
2021-01-29 00:23:58,365 INFO 45111 [egg-schedule]: register schedule /Users/caochengxiang/Downloads/Node Express KOA/RootNode/NodeEgg/node_modules/egg-logrotator/app/schedule/rotate_by_file.js
2021-01-29 00:24:08,839 INFO 45112 [egg-schedule]: register schedule /Users/caochengxiang/Downloads/Node Express KOA/RootNode/NodeEgg/node_modules/egg-multipart/app/schedule/clean_tmpdir.js
2021-01-29 00:24:08,840 INFO 45112 [egg-schedule]: register schedule /Users/caochengxiang/Downloads/Node Express KOA/RootNode/NodeEgg/node_modules/egg-logrotator/app/schedule/clean_log.js
2021-01-29 00:24:08,840 INFO 45112 [egg-schedule]: register schedule /Users/caochengxiang/Downloads/Node Express KOA/RootNode/NodeEgg/node_modules/egg-logrotator/app/schedule/rotate_by_file.js
2021-01-29 00:24:12,659 INFO 45113 [egg-schedule]: register schedule /Users/caochengxiang/Downloads/Node Express KOA/RootNode/NodeEgg/node_modules/egg-multipart/app/schedule/clean_tmpdir.js
2021-01-29 00:24:12,659 INFO 45113 [egg-schedule]: register schedule /Users/caochengxiang/Downloads/Node Express KOA/RootNode/NodeEgg/node_modules/egg-logrotator/app/schedule/clean_log.js
2021-01-29 00:24:12,659 INFO 45113 [egg-schedule]: register schedule /Users/caochengxiang/Downloads/Node Express KOA/RootNode/NodeEgg/node_modules/egg-logrotator/app/schedule/rotate_by_file.js
2021-01-29 00:24:15,558 INFO 45117 [egg-schedule]: register schedule /Users/caochengxiang/Downloads/Node Express KOA/RootNode/NodeEgg/node_modules/egg-multipart/app/schedule/clean_tmpdir.js
2021-01-29 00:24:15,558 INFO 45117 [egg-schedule]: register schedule /Users/caochengxiang/Downloads/Node Express KOA/RootNode/NodeEgg/node_modules/egg-logrotator/app/schedule/clean_log.js
2021-01-29 00:24:15,558 INFO 45117 [egg-schedule]: register schedule /Users/caochengxiang/Downloads/Node Express KOA/RootNode/NodeEgg/node_modules/egg-logrotator/app/schedule/rotate_by_file.js
2021-01-29 00:24:22,864 INFO 45118 [egg-schedule]: register schedule /Users/caochengxiang/Downloads/Node Express KOA/RootNode/NodeEgg/node_modules/egg-multipart/app/schedule/clean_tmpdir.js
2021-01-29 00:24:22,864 INFO 45118 [egg-schedule]: register schedule /Users/caochengxiang/Downloads/Node Express KOA/RootNode/NodeEgg/node_modules/egg-logrotator/app/schedule/clean_log.js
2021-01-29 00:24:22,864 INFO 45118 [egg-schedule]: register schedule /Users/caochengxiang/Downloads/Node Express KOA/RootNode/NodeEgg/node_modules/egg-logrotator/app/schedule/rotate_by_file.js
2021-01-29 00:24:28,180 INFO 45121 [egg-schedule]: register schedule /Users/caochengxiang/Downloads/Node Express KOA/RootNode/NodeEgg/node_modules/egg-multipart/app/schedule/clean_tmpdir.js
2021-01-29 00:24:28,181 INFO 45121 [egg-schedule]: register schedule /Users/caochengxiang/Downloads/Node Express KOA/RootNode/NodeEgg/node_modules/egg-logrotator/app/schedule/clean_log.js
2021-01-29 00:24:28,181 INFO 45121 [egg-schedule]: register schedule /Users/caochengxiang/Downloads/Node Express KOA/RootNode/NodeEgg/node_modules/egg-logrotator/app/schedule/rotate_by_file.js
2021-01-29 00:24:38,613 INFO 45128 [egg-schedule]: register schedule /Users/caochengxiang/Downloads/Node Express KOA/RootNode/NodeEgg/node_modules/egg-multipart/app/schedule/clean_tmpdir.js
2021-01-29 00:24:38,613 INFO 45128 [egg-schedule]: register schedule /Users/caochengxiang/Downloads/Node Express KOA/RootNode/NodeEgg/node_modules/egg-logrotator/app/schedule/clean_log.js
2021-01-29 00:24:38,613 INFO 45128 [egg-schedule]: register schedule /Users/caochengxiang/Downloads/Node Express KOA/RootNode/NodeEgg/node_modules/egg-logrotator/app/schedule/rotate_by_file.js
2021-01-29 00:24:43,502 INFO 45131 [egg-schedule]: register schedule /Users/caochengxiang/Downloads/Node Express KOA/RootNode/NodeEgg/node_modules/egg-multipart/app/schedule/clean_tmpdir.js
2021-01-29 00:24:43,502 INFO 45131 [egg-schedule]: register schedule /Users/caochengxiang/Downloads/Node Express KOA/RootNode/NodeEgg/node_modules/egg-logrotator/app/schedule/clean_log.js
2021-01-29 00:24:43,502 INFO 45131 [egg-schedule]: register schedule /Users/caochengxiang/Downloads/Node Express KOA/RootNode/NodeEgg/node_modules/egg-logrotator/app/schedule/rotate_by_file.js
2021-01-29 00:24:47,118 INFO 45132 [egg-schedule]: register schedule /Users/caochengxiang/Downloads/Node Express KOA/RootNode/NodeEgg/node_modules/egg-multipart/app/schedule/clean_tmpdir.js
2021-01-29 00:24:47,118 INFO 45132 [egg-schedule]: register schedule /Users/caochengxiang/Downloads/Node Express KOA/RootNode/NodeEgg/node_modules/egg-logrotator/app/schedule/clean_log.js
2021-01-29 00:24:47,118 INFO 45132 [egg-schedule]: register schedule /Users/caochengxiang/Downloads/Node Express KOA/RootNode/NodeEgg/node_modules/egg-logrotator/app/schedule/rotate_by_file.js
2021-01-29 00:25:02,763 INFO 45139 [egg-schedule]: register schedule /Users/caochengxiang/Downloads/Node Express KOA/RootNode/NodeEgg/node_modules/egg-multipart/app/schedule/clean_tmpdir.js
2021-01-29 00:25:02,763 INFO 45139 [egg-schedule]: register schedule /Users/caochengxiang/Downloads/Node Express KOA/RootNode/NodeEgg/node_modules/egg-logrotator/app/schedule/clean_log.js
2021-01-29 00:25:02,763 INFO 45139 [egg-schedule]: register schedule /Users/caochengxiang/Downloads/Node Express KOA/RootNode/NodeEgg/node_modules/egg-logrotator/app/schedule/rotate_by_file.js
2021-01-29 00:25:22,657 INFO 45140 [egg-schedule]: register schedule /Users/caochengxiang/Downloads/Node Express KOA/RootNode/NodeEgg/node_modules/egg-multipart/app/schedule/clean_tmpdir.js
2021-01-29 00:25:22,657 INFO 45140 [egg-schedule]: register schedule /Users/caochengxiang/Downloads/Node Express KOA/RootNode/NodeEgg/node_modules/egg-logrotator/app/schedule/clean_log.js
2021-01-29 00:25:22,657 INFO 45140 [egg-schedule]: register schedule /Users/caochengxiang/Downloads/Node Express KOA/RootNode/NodeEgg/node_modules/egg-logrotator/app/schedule/rotate_by_file.js
2021-01-29 00:25:30,874 INFO 45144 [egg-schedule]: register schedule /Users/caochengxiang/Downloads/Node Express KOA/RootNode/NodeEgg/node_modules/egg-multipart/app/schedule/clean_tmpdir.js
2021-01-29 00:25:30,875 INFO 45144 [egg-schedule]: register schedule /Users/caochengxiang/Downloads/Node Express KOA/RootNode/NodeEgg/node_modules/egg-logrotator/app/schedule/clean_log.js
2021-01-29 00:25:30,875 INFO 45144 [egg-schedule]: register schedule /Users/caochengxiang/Downloads/Node Express KOA/RootNode/NodeEgg/node_modules/egg-logrotator/app/schedule/rotate_by_file.js
2021-01-29 00:25:38,189 INFO 45146 [egg-schedule]: register schedule /Users/caochengxiang/Downloads/Node Express KOA/RootNode/NodeEgg/node_modules/egg-multipart/app/schedule/clean_tmpdir.js
2021-01-29 00:25:38,189 INFO 45146 [egg-schedule]: register schedule /Users/caochengxiang/Downloads/Node Express KOA/RootNode/NodeEgg/node_modules/egg-logrotator/app/schedule/clean_log.js
2021-01-29 00:25:38,189 INFO 45146 [egg-schedule]: register schedule /Users/caochengxiang/Downloads/Node Express KOA/RootNode/NodeEgg/node_modules/egg-logrotator/app/schedule/rotate_by_file.js
2021-01-29 00:26:00,365 INFO 45147 [egg-schedule]: register schedule /Users/caochengxiang/Downloads/Node Express KOA/RootNode/NodeEgg/node_modules/egg-multipart/app/schedule/clean_tmpdir.js
2021-01-29 00:26:00,366 INFO 45147 [egg-schedule]: register schedule /Users/caochengxiang/Downloads/Node Express KOA/RootNode/NodeEgg/node_modules/egg-logrotator/app/schedule/clean_log.js
2021-01-29 00:26:00,366 INFO 45147 [egg-schedule]: register schedule /Users/caochengxiang/Downloads/Node Express KOA/RootNode/NodeEgg/node_modules/egg-logrotator/app/schedule/rotate_by_file.js
2021-01-29 00:26:14,644 INFO 45149 [egg-schedule]: register schedule /Users/caochengxiang/Downloads/Node Express KOA/RootNode/NodeEgg/node_modules/egg-multipart/app/schedule/clean_tmpdir.js
2021-01-29 00:26:14,644 INFO 45149 [egg-schedule]: register schedule /Users/caochengxiang/Downloads/Node Express KOA/RootNode/NodeEgg/node_modules/egg-logrotator/app/schedule/clean_log.js
2021-01-29 00:26:14,644 INFO 45149 [egg-schedule]: register schedule /Users/caochengxiang/Downloads/Node Express KOA/RootNode/NodeEgg/node_modules/egg-logrotator/app/schedule/rotate_by_file.js
2021-01-29 00:26:19,716 INFO 45150 [egg-schedule]: register schedule /Users/caochengxiang/Downloads/Node Express KOA/RootNode/NodeEgg/node_modules/egg-multipart/app/schedule/clean_tmpdir.js
2021-01-29 00:26:19,716 INFO 45150 [egg-schedule]: register schedule /Users/caochengxiang/Downloads/Node Express KOA/RootNode/NodeEgg/node_modules/egg-logrotator/app/schedule/clean_log.js
2021-01-29 00:26:19,716 INFO 45150 [egg-schedule]: register schedule /Users/caochengxiang/Downloads/Node Express KOA/RootNode/NodeEgg/node_modules/egg-logrotator/app/schedule/rotate_by_file.js
2021-01-29 00:26:26,319 INFO 45152 [egg-schedule]: register schedule /Users/caochengxiang/Downloads/Node Express KOA/RootNode/NodeEgg/node_modules/egg-multipart/app/schedule/clean_tmpdir.js
2021-01-29 00:26:26,319 INFO 45152 [egg-schedule]: register schedule /Users/caochengxiang/Downloads/Node Express KOA/RootNode/NodeEgg/node_modules/egg-logrotator/app/schedule/clean_log.js
2021-01-29 00:26:26,319 INFO 45152 [egg-schedule]: register schedule /Users/caochengxiang/Downloads/Node Express KOA/RootNode/NodeEgg/node_modules/egg-logrotator/app/schedule/rotate_by_file.js
2021-01-29 00:26:39,447 INFO 45153 [egg-schedule]: register schedule /Users/caochengxiang/Downloads/Node Express KOA/RootNode/NodeEgg/node_modules/egg-multipart/app/schedule/clean_tmpdir.js
2021-01-29 00:26:39,447 INFO 45153 [egg-schedule]: register schedule /Users/caochengxiang/Downloads/Node Express KOA/RootNode/NodeEgg/node_modules/egg-logrotator/app/schedule/clean_log.js
2021-01-29 00:26:39,447 INFO 45153 [egg-schedule]: register schedule /Users/caochengxiang/Downloads/Node Express KOA/RootNode/NodeEgg/node_modules/egg-logrotator/app/schedule/rotate_by_file.js
2021-01-29 00:26:44,135 INFO 45154 [egg-schedule]: register schedule /Users/caochengxiang/Downloads/Node Express KOA/RootNode/NodeEgg/node_modules/egg-multipart/app/schedule/clean_tmpdir.js
2021-01-29 00:26:44,135 INFO 45154 [egg-schedule]: register schedule /Users/caochengxiang/Downloads/Node Express KOA/RootNode/NodeEgg/node_modules/egg-logrotator/app/schedule/clean_log.js
2021-01-29 00:26:44,135 INFO 45154 [egg-schedule]: register schedule /Users/caochengxiang/Downloads/Node Express KOA/RootNode/NodeEgg/node_modules/egg-logrotator/app/schedule/rotate_by_file.js
2021-01-29 00:27:25,791 INFO 45161 [egg-schedule]: register schedule /Users/caochengxiang/Downloads/Node Express KOA/RootNode/NodeEgg/node_modules/egg-multipart/app/schedule/clean_tmpdir.js
2021-01-29 00:27:25,791 INFO 45161 [egg-schedule]: register schedule /Users/caochengxiang/Downloads/Node Express KOA/RootNode/NodeEgg/node_modules/egg-logrotator/app/schedule/clean_log.js
2021-01-29 00:27:25,791 INFO 45161 [egg-schedule]: register schedule /Users/caochengxiang/Downloads/Node Express KOA/RootNode/NodeEgg/node_modules/egg-logrotator/app/schedule/rotate_by_file.js
2021-01-29 00:32:50,956 INFO 45217 [egg-schedule]: register schedule /Users/caochengxiang/Downloads/Node Express KOA/RootNode/NodeEgg/node_modules/egg-multipart/app/schedule/clean_tmpdir.js
2021-01-29 00:32:50,956 INFO 45217 [egg-schedule]: register schedule /Users/caochengxiang/Downloads/Node Express KOA/RootNode/NodeEgg/node_modules/egg-logrotator/app/schedule/clean_log.js
2021-01-29 00:32:50,956 INFO 45217 [egg-schedule]: register schedule /Users/caochengxiang/Downloads/Node Express KOA/RootNode/NodeEgg/node_modules/egg-logrotator/app/schedule/rotate_by_file.js
2021-01-29 00:32:51,539 INFO 45216 [Timer] /Users/caochengxiang/Downloads/Node Express KOA/RootNode/NodeEgg/node_modules/egg-multipart/app/schedule/clean_tmpdir.js next time will execute after 14228464ms at 2021-01-29 04:30:00.003
2021-01-29 00:32:51,540 INFO 45216 [Timer] /Users/caochengxiang/Downloads/Node Express KOA/RootNode/NodeEgg/node_modules/egg-logrotator/app/schedule/clean_log.js next time will execute after 84428461ms at 2021-01-30 00:00:00.001
2021-01-29 00:32:51,541 INFO 45216 [Timer] /Users/caochengxiang/Downloads/Node Express KOA/RootNode/NodeEgg/node_modules/egg-logrotator/app/schedule/rotate_by_file.js next time will execute after 84429460ms at 2021-01-30 00:00:01.001
2021-01-29 00:34:50,405 INFO 45226 [egg-schedule]: register schedule /Users/caochengxiang/Downloads/Node Express KOA/RootNode/NodeEgg/node_modules/egg-multipart/app/schedule/clean_tmpdir.js
2021-01-29 00:34:50,406 INFO 45226 [egg-schedule]: register schedule /Users/caochengxiang/Downloads/Node Express KOA/RootNode/NodeEgg/node_modules/egg-logrotator/app/schedule/clean_log.js
2021-01-29 00:34:50,406 INFO 45226 [egg-schedule]: register schedule /Users/caochengxiang/Downloads/Node Express KOA/RootNode/NodeEgg/node_modules/egg-logrotator/app/schedule/rotate_by_file.js
2021-01-29 00:35:05,936 INFO 45232 [egg-schedule]: register schedule /Users/caochengxiang/Downloads/Node Express KOA/RootNode/NodeEgg/node_modules/egg-multipart/app/schedule/clean_tmpdir.js
2021-01-29 00:35:05,936 INFO 45232 [egg-schedule]: register schedule /Users/caochengxiang/Downloads/Node Express KOA/RootNode/NodeEgg/node_modules/egg-logrotator/app/schedule/clean_log.js
2021-01-29 00:35:05,936 INFO 45232 [egg-schedule]: register schedule /Users/caochengxiang/Downloads/Node Express KOA/RootNode/NodeEgg/node_modules/egg-logrotator/app/schedule/rotate_by_file.js
2021-01-29 00:39:27,630 INFO 45309 [Timer] /Users/caochengxiang/Downloads/Node Express KOA/RootNode/NodeEgg/node_modules/egg-multipart/app/schedule/clean_tmpdir.js next time will execute after 13832372ms at 2021-01-29 04:30:00.002
2021-01-29 00:39:27,631 INFO 45309 [Timer] /Users/caochengxiang/Downloads/Node Express KOA/RootNode/NodeEgg/node_modules/egg-logrotator/app/schedule/clean_log.js next time will execute after 84032369ms at 2021-01-30 00:00:00.000
2021-01-29 00:39:27,633 INFO 45309 [Timer] /Users/caochengxiang/Downloads/Node Express KOA/RootNode/NodeEgg/node_modules/egg-logrotator/app/schedule/rotate_by_file.js next time will execute after 84033369ms at 2021-01-30 00:00:01.002
2021-01-29 00:39:27,060 INFO 45314 [egg-schedule]: register schedule /Users/caochengxiang/Downloads/Node Express KOA/RootNode/NodeEgg/node_modules/egg-multipart/app/schedule/clean_tmpdir.js
2021-01-29 00:39:27,060 INFO 45314 [egg-schedule]: register schedule /Users/caochengxiang/Downloads/Node Express KOA/RootNode/NodeEgg/node_modules/egg-logrotator/app/schedule/clean_log.js
2021-01-29 00:39:27,060 INFO 45314 [egg-schedule]: register schedule /Users/caochengxiang/Downloads/Node Express KOA/RootNode/NodeEgg/node_modules/egg-logrotator/app/schedule/rotate_by_file.js
2021-01-29 00:40:07,604 INFO 45329 [egg-schedule]: register schedule /Users/caochengxiang/Downloads/Node Express KOA/RootNode/NodeEgg/node_modules/egg-multipart/app/schedule/clean_tmpdir.js
2021-01-29 00:40:07,604 INFO 45329 [egg-schedule]: register schedule /Users/caochengxiang/Downloads/Node Express KOA/RootNode/NodeEgg/node_modules/egg-logrotator/app/schedule/clean_log.js
2021-01-29 00:40:07,604 INFO 45329 [egg-schedule]: register schedule /Users/caochengxiang/Downloads/Node Express KOA/RootNode/NodeEgg/node_modules/egg-logrotator/app/schedule/rotate_by_file.js
2021-01-29 00:40:12,060 INFO 45330 [egg-schedule]: register schedule /Users/caochengxiang/Downloads/Node Express KOA/RootNode/NodeEgg/node_modules/egg-multipart/app/schedule/clean_tmpdir.js
2021-01-29 00:40:12,060 INFO 45330 [egg-schedule]: register schedule /Users/caochengxiang/Downloads/Node Express KOA/RootNode/NodeEgg/node_modules/egg-logrotator/app/schedule/clean_log.js
2021-01-29 00:40:12,060 INFO 45330 [egg-schedule]: register schedule /Users/caochengxiang/Downloads/Node Express KOA/RootNode/NodeEgg/node_modules/egg-logrotator/app/schedule/rotate_by_file.js
2021-01-29 00:40:18,907 INFO 45332 [egg-schedule]: register schedule /Users/caochengxiang/Downloads/Node Express KOA/RootNode/NodeEgg/node_modules/egg-multipart/app/schedule/clean_tmpdir.js
2021-01-29 00:40:18,907 INFO 45332 [egg-schedule]: register schedule /Users/caochengxiang/Downloads/Node Express KOA/RootNode/NodeEgg/node_modules/egg-logrotator/app/schedule/clean_log.js
2021-01-29 00:40:18,907 INFO 45332 [egg-schedule]: register schedule /Users/caochengxiang/Downloads/Node Express KOA/RootNode/NodeEgg/node_modules/egg-logrotator/app/schedule/rotate_by_file.js
2021-01-29 00:40:38,772 INFO 45335 [egg-schedule]: register schedule /Users/caochengxiang/Downloads/Node Express KOA/RootNode/NodeEgg/node_modules/egg-multipart/app/schedule/clean_tmpdir.js
2021-01-29 00:40:38,772 INFO 45335 [egg-schedule]: register schedule /Users/caochengxiang/Downloads/Node Express KOA/RootNode/NodeEgg/node_modules/egg-logrotator/app/schedule/clean_log.js
2021-01-29 00:40:38,772 INFO 45335 [egg-schedule]: register schedule /Users/caochengxiang/Downloads/Node Express KOA/RootNode/NodeEgg/node_modules/egg-logrotator/app/schedule/rotate_by_file.js
2021-01-29 00:40:43,554 INFO 45336 [egg-schedule]: register schedule /Users/caochengxiang/Downloads/Node Express KOA/RootNode/NodeEgg/node_modules/egg-multipart/app/schedule/clean_tmpdir.js
2021-01-29 00:40:43,554 INFO 45336 [egg-schedule]: register schedule /Users/caochengxiang/Downloads/Node Express KOA/RootNode/NodeEgg/node_modules/egg-logrotator/app/schedule/clean_log.js
2021-01-29 00:40:43,554 INFO 45336 [egg-schedule]: register schedule /Users/caochengxiang/Downloads/Node Express KOA/RootNode/NodeEgg/node_modules/egg-logrotator/app/schedule/rotate_by_file.js
2021-01-29 00:42:00,997 INFO 45346 [egg-schedule]: register schedule /Users/caochengxiang/Downloads/Node Express KOA/RootNode/NodeEgg/node_modules/egg-multipart/app/schedule/clean_tmpdir.js
2021-01-29 00:42:00,997 INFO 45346 [egg-schedule]: register schedule /Users/caochengxiang/Downloads/Node Express KOA/RootNode/NodeEgg/node_modules/egg-logrotator/app/schedule/clean_log.js
2021-01-29 00:42:00,997 INFO 45346 [egg-schedule]: register schedule /Users/caochengxiang/Downloads/Node Express KOA/RootNode/NodeEgg/node_modules/egg-logrotator/app/schedule/rotate_by_file.js
2021-01-29 00:42:06,226 INFO 45355 [egg-schedule]: register schedule /Users/caochengxiang/Downloads/Node Express KOA/RootNode/NodeEgg/node_modules/egg-multipart/app/schedule/clean_tmpdir.js
2021-01-29 00:42:06,226 INFO 45355 [egg-schedule]: register schedule /Users/caochengxiang/Downloads/Node Express KOA/RootNode/NodeEgg/node_modules/egg-logrotator/app/schedule/clean_log.js
2021-01-29 00:42:06,226 INFO 45355 [egg-schedule]: register schedule /Users/caochengxiang/Downloads/Node Express KOA/RootNode/NodeEgg/node_modules/egg-logrotator/app/schedule/rotate_by_file.js
2021-01-29 00:42:20,777 INFO 45362 [egg-schedule]: register schedule /Users/caochengxiang/Downloads/Node Express KOA/RootNode/NodeEgg/node_modules/egg-multipart/app/schedule/clean_tmpdir.js
2021-01-29 00:42:20,777 INFO 45362 [egg-schedule]: register schedule /Users/caochengxiang/Downloads/Node Express KOA/RootNode/NodeEgg/node_modules/egg-logrotator/app/schedule/clean_log.js
2021-01-29 00:42:20,777 INFO 45362 [egg-schedule]: register schedule /Users/caochengxiang/Downloads/Node Express KOA/RootNode/NodeEgg/node_modules/egg-logrotator/app/schedule/rotate_by_file.js
2021-01-29 00:42:20,816 INFO 45361 [egg-schedule]: register schedule /Users/caochengxiang/Downloads/Node Express KOA/RootNode/NodeEgg/node_modules/egg-multipart/app/schedule/clean_tmpdir.js
2021-01-29 00:42:20,816 INFO 45361 [egg-schedule]: register schedule /Users/caochengxiang/Downloads/Node Express KOA/RootNode/NodeEgg/node_modules/egg-logrotator/app/schedule/clean_log.js
2021-01-29 00:42:20,816 INFO 45361 [egg-schedule]: register schedule /Users/caochengxiang/Downloads/Node Express KOA/RootNode/NodeEgg/node_modules/egg-logrotator/app/schedule/rotate_by_file.js
2021-01-29 00:42:28,480 INFO 45366 [egg-schedule]: register schedule /Users/caochengxiang/Downloads/Node Express KOA/RootNode/NodeEgg/node_modules/egg-multipart/app/schedule/clean_tmpdir.js
2021-01-29 00:42:28,480 INFO 45366 [egg-schedule]: register schedule /Users/caochengxiang/Downloads/Node Express KOA/RootNode/NodeEgg/node_modules/egg-logrotator/app/schedule/clean_log.js
2021-01-29 00:42:28,480 INFO 45366 [egg-schedule]: register schedule /Users/caochengxiang/Downloads/Node Express KOA/RootNode/NodeEgg/node_modules/egg-logrotator/app/schedule/rotate_by_file.js
2021-01-29 00:42:31,752 INFO 45367 [egg-schedule]: register schedule /Users/caochengxiang/Downloads/Node Express KOA/RootNode/NodeEgg/node_modules/egg-multipart/app/schedule/clean_tmpdir.js
2021-01-29 00:42:31,753 INFO 45367 [egg-schedule]: register schedule /Users/caochengxiang/Downloads/Node Express KOA/RootNode/NodeEgg/node_modules/egg-logrotator/app/schedule/clean_log.js
2021-01-29 00:42:31,753 INFO 45367 [egg-schedule]: register schedule /Users/caochengxiang/Downloads/Node Express KOA/RootNode/NodeEgg/node_modules/egg-logrotator/app/schedule/rotate_by_file.js
2021-01-29 00:43:17,520 INFO 45379 [egg-schedule]: register schedule /Users/caochengxiang/Downloads/Node Express KOA/RootNode/NodeEgg/node_modules/egg-multipart/app/schedule/clean_tmpdir.js
2021-01-29 00:43:17,521 INFO 45379 [egg-schedule]: register schedule /Users/caochengxiang/Downloads/Node Express KOA/RootNode/NodeEgg/node_modules/egg-logrotator/app/schedule/clean_log.js
2021-01-29 00:43:17,521 INFO 45379 [egg-schedule]: register schedule /Users/caochengxiang/Downloads/Node Express KOA/RootNode/NodeEgg/node_modules/egg-logrotator/app/schedule/rotate_by_file.js
2021-01-29 00:43:21,761 INFO 45381 [egg-schedule]: register schedule /Users/caochengxiang/Downloads/Node Express KOA/RootNode/NodeEgg/node_modules/egg-multipart/app/schedule/clean_tmpdir.js
2021-01-29 00:43:21,762 INFO 45381 [egg-schedule]: register schedule /Users/caochengxiang/Downloads/Node Express KOA/RootNode/NodeEgg/node_modules/egg-logrotator/app/schedule/clean_log.js
2021-01-29 00:43:21,762 INFO 45381 [egg-schedule]: register schedule /Users/caochengxiang/Downloads/Node Express KOA/RootNode/NodeEgg/node_modules/egg-logrotator/app/schedule/rotate_by_file.js
2021-01-29 00:43:36,467 INFO 45384 [egg-schedule]: register schedule /Users/caochengxiang/Downloads/Node Express KOA/RootNode/NodeEgg/node_modules/egg-multipart/app/schedule/clean_tmpdir.js
2021-01-29 00:43:36,468 INFO 45384 [egg-schedule]: register schedule /Users/caochengxiang/Downloads/Node Express KOA/RootNode/NodeEgg/node_modules/egg-logrotator/app/schedule/clean_log.js
2021-01-29 00:43:36,468 INFO 45384 [egg-schedule]: register schedule /Users/caochengxiang/Downloads/Node Express KOA/RootNode/NodeEgg/node_modules/egg-logrotator/app/schedule/rotate_by_file.js
2021-01-29 00:44:05,698 INFO 45392 [egg-schedule]: register schedule /Users/caochengxiang/Downloads/Node Express KOA/RootNode/NodeEgg/node_modules/egg-multipart/app/schedule/clean_tmpdir.js
2021-01-29 00:44:05,698 INFO 45392 [egg-schedule]: register schedule /Users/caochengxiang/Downloads/Node Express KOA/RootNode/NodeEgg/node_modules/egg-logrotator/app/schedule/clean_log.js
2021-01-29 00:44:05,698 INFO 45392 [egg-schedule]: register schedule /Users/caochengxiang/Downloads/Node Express KOA/RootNode/NodeEgg/node_modules/egg-logrotator/app/schedule/rotate_by_file.js
2021-01-29 00:44:27,552 INFO 45398 [egg-schedule]: register schedule /Users/caochengxiang/Downloads/Node Express KOA/RootNode/NodeEgg/node_modules/egg-multipart/app/schedule/clean_tmpdir.js
2021-01-29 00:44:27,552 INFO 45398 [egg-schedule]: register schedule /Users/caochengxiang/Downloads/Node Express KOA/RootNode/NodeEgg/node_modules/egg-logrotator/app/schedule/clean_log.js
2021-01-29 00:44:27,552 INFO 45398 [egg-schedule]: register schedule /Users/caochengxiang/Downloads/Node Express KOA/RootNode/NodeEgg/node_modules/egg-logrotator/app/schedule/rotate_by_file.js
2021-01-29 00:44:38,784 INFO 45400 [egg-schedule]: register schedule /Users/caochengxiang/Downloads/Node Express KOA/RootNode/NodeEgg/node_modules/egg-multipart/app/schedule/clean_tmpdir.js
2021-01-29 00:44:38,784 INFO 45400 [egg-schedule]: register schedule /Users/caochengxiang/Downloads/Node Express KOA/RootNode/NodeEgg/node_modules/egg-logrotator/app/schedule/clean_log.js
2021-01-29 00:44:38,784 INFO 45400 [egg-schedule]: register schedule /Users/caochengxiang/Downloads/Node Express KOA/RootNode/NodeEgg/node_modules/egg-logrotator/app/schedule/rotate_by_file.js
2021-01-29 00:44:45,804 INFO 45401 [egg-schedule]: register schedule /Users/caochengxiang/Downloads/Node Express KOA/RootNode/NodeEgg/node_modules/egg-multipart/app/schedule/clean_tmpdir.js
2021-01-29 00:44:45,804 INFO 45401 [egg-schedule]: register schedule /Users/caochengxiang/Downloads/Node Express KOA/RootNode/NodeEgg/node_modules/egg-logrotator/app/schedule/clean_log.js
2021-01-29 00:44:45,804 INFO 45401 [egg-schedule]: register schedule /Users/caochengxiang/Downloads/Node Express KOA/RootNode/NodeEgg/node_modules/egg-logrotator/app/schedule/rotate_by_file.js
2021-01-29 00:44:51,240 INFO 45402 [egg-schedule]: register schedule /Users/caochengxiang/Downloads/Node Express KOA/RootNode/NodeEgg/node_modules/egg-multipart/app/schedule/clean_tmpdir.js
2021-01-29 00:44:51,241 INFO 45402 [egg-schedule]: register schedule /Users/caochengxiang/Downloads/Node Express KOA/RootNode/NodeEgg/node_modules/egg-logrotator/app/schedule/clean_log.js
2021-01-29 00:44:51,241 INFO 45402 [egg-schedule]: register schedule /Users/caochengxiang/Downloads/Node Express KOA/RootNode/NodeEgg/node_modules/egg-logrotator/app/schedule/rotate_by_file.js
2021-01-29 00:45:05,815 INFO 45405 [egg-schedule]: register schedule /Users/caochengxiang/Downloads/Node Express KOA/RootNode/NodeEgg/node_modules/egg-multipart/app/schedule/clean_tmpdir.js
2021-01-29 00:45:05,815 INFO 45405 [egg-schedule]: register schedule /Users/caochengxiang/Downloads/Node Express KOA/RootNode/NodeEgg/node_modules/egg-logrotator/app/schedule/clean_log.js
2021-01-29 00:45:05,815 INFO 45405 [egg-schedule]: register schedule /Users/caochengxiang/Downloads/Node Express KOA/RootNode/NodeEgg/node_modules/egg-logrotator/app/schedule/rotate_by_file.js
2021-01-29 00:45:17,181 INFO 45408 [egg-schedule]: register schedule /Users/caochengxiang/Downloads/Node Express KOA/RootNode/NodeEgg/node_modules/egg-multipart/app/schedule/clean_tmpdir.js
2021-01-29 00:45:17,181 INFO 45408 [egg-schedule]: register schedule /Users/caochengxiang/Downloads/Node Express KOA/RootNode/NodeEgg/node_modules/egg-logrotator/app/schedule/clean_log.js
2021-01-29 00:45:17,181 INFO 45408 [egg-schedule]: register schedule /Users/caochengxiang/Downloads/Node Express KOA/RootNode/NodeEgg/node_modules/egg-logrotator/app/schedule/rotate_by_file.js
2021-01-29 00:45:23,054 INFO 45409 [egg-schedule]: register schedule /Users/caochengxiang/Downloads/Node Express KOA/RootNode/NodeEgg/node_modules/egg-multipart/app/schedule/clean_tmpdir.js
2021-01-29 00:45:23,054 INFO 45409 [egg-schedule]: register schedule /Users/caochengxiang/Downloads/Node Express KOA/RootNode/NodeEgg/node_modules/egg-logrotator/app/schedule/clean_log.js
2021-01-29 00:45:23,054 INFO 45409 [egg-schedule]: register schedule /Users/caochengxiang/Downloads/Node Express KOA/RootNode/NodeEgg/node_modules/egg-logrotator/app/schedule/rotate_by_file.js
2021-01-29 00:45:26,445 INFO 45410 [egg-schedule]: register schedule /Users/caochengxiang/Downloads/Node Express KOA/RootNode/NodeEgg/node_modules/egg-multipart/app/schedule/clean_tmpdir.js
2021-01-29 00:45:26,445 INFO 45410 [egg-schedule]: register schedule /Users/caochengxiang/Downloads/Node Express KOA/RootNode/NodeEgg/node_modules/egg-logrotator/app/schedule/clean_log.js
2021-01-29 00:45:26,445 INFO 45410 [egg-schedule]: register schedule /Users/caochengxiang/Downloads/Node Express KOA/RootNode/NodeEgg/node_modules/egg-logrotator/app/schedule/rotate_by_file.js
2021-01-29 00:45:29,394 INFO 45411 [egg-schedule]: register schedule /Users/caochengxiang/Downloads/Node Express KOA/RootNode/NodeEgg/node_modules/egg-multipart/app/schedule/clean_tmpdir.js
2021-01-29 00:45:29,394 INFO 45411 [egg-schedule]: register schedule /Users/caochengxiang/Downloads/Node Express KOA/RootNode/NodeEgg/node_modules/egg-logrotator/app/schedule/clean_log.js
2021-01-29 00:45:29,394 INFO 45411 [egg-schedule]: register schedule /Users/caochengxiang/Downloads/Node Express KOA/RootNode/NodeEgg/node_modules/egg-logrotator/app/schedule/rotate_by_file.js
2021-01-29 00:45:31,833 INFO 45412 [egg-schedule]: register schedule /Users/caochengxiang/Downloads/Node Express KOA/RootNode/NodeEgg/node_modules/egg-multipart/app/schedule/clean_tmpdir.js
2021-01-29 00:45:31,833 INFO 45412 [egg-schedule]: register schedule /Users/caochengxiang/Downloads/Node Express KOA/RootNode/NodeEgg/node_modules/egg-logrotator/app/schedule/clean_log.js
2021-01-29 00:45:31,833 INFO 45412 [egg-schedule]: register schedule /Users/caochengxiang/Downloads/Node Express KOA/RootNode/NodeEgg/node_modules/egg-logrotator/app/schedule/rotate_by_file.js
2021-01-29 00:45:45,240 INFO 45416 [egg-schedule]: register schedule /Users/caochengxiang/Downloads/Node Express KOA/RootNode/NodeEgg/node_modules/egg-multipart/app/schedule/clean_tmpdir.js
2021-01-29 00:45:45,240 INFO 45416 [egg-schedule]: register schedule /Users/caochengxiang/Downloads/Node Express KOA/RootNode/NodeEgg/node_modules/egg-logrotator/app/schedule/clean_log.js
2021-01-29 00:45:45,240 INFO 45416 [egg-schedule]: register schedule /Users/caochengxiang/Downloads/Node Express KOA/RootNode/NodeEgg/node_modules/egg-logrotator/app/schedule/rotate_by_file.js
2021-01-29 00:45:52,147 INFO 45417 [egg-schedule]: register schedule /Users/caochengxiang/Downloads/Node Express KOA/RootNode/NodeEgg/node_modules/egg-multipart/app/schedule/clean_tmpdir.js
2021-01-29 00:45:52,147 INFO 45417 [egg-schedule]: register schedule /Users/caochengxiang/Downloads/Node Express KOA/RootNode/NodeEgg/node_modules/egg-logrotator/app/schedule/clean_log.js
2021-01-29 00:45:52,147 INFO 45417 [egg-schedule]: register schedule /Users/caochengxiang/Downloads/Node Express KOA/RootNode/NodeEgg/node_modules/egg-logrotator/app/schedule/rotate_by_file.js
2021-01-29 00:46:07,161 INFO 45419 [egg-schedule]: register schedule /Users/caochengxiang/Downloads/Node Express KOA/RootNode/NodeEgg/node_modules/egg-multipart/app/schedule/clean_tmpdir.js
2021-01-29 00:46:07,161 INFO 45419 [egg-schedule]: register schedule /Users/caochengxiang/Downloads/Node Express KOA/RootNode/NodeEgg/node_modules/egg-logrotator/app/schedule/clean_log.js
2021-01-29 00:46:07,162 INFO 45419 [egg-schedule]: register schedule /Users/caochengxiang/Downloads/Node Express KOA/RootNode/NodeEgg/node_modules/egg-logrotator/app/schedule/rotate_by_file.js
2021-01-29 00:46:18,393 INFO 45420 [egg-schedule]: register schedule /Users/caochengxiang/Downloads/Node Express KOA/RootNode/NodeEgg/node_modules/egg-multipart/app/schedule/clean_tmpdir.js
2021-01-29 00:46:18,393 INFO 45420 [egg-schedule]: register schedule /Users/caochengxiang/Downloads/Node Express KOA/RootNode/NodeEgg/node_modules/egg-logrotator/app/schedule/clean_log.js
2021-01-29 00:46:18,393 INFO 45420 [egg-schedule]: register schedule /Users/caochengxiang/Downloads/Node Express KOA/RootNode/NodeEgg/node_modules/egg-logrotator/app/schedule/rotate_by_file.js
2021-01-29 00:46:20,885 INFO 45421 [egg-schedule]: register schedule /Users/caochengxiang/Downloads/Node Express KOA/RootNode/NodeEgg/node_modules/egg-multipart/app/schedule/clean_tmpdir.js
2021-01-29 00:46:20,885 INFO 45421 [egg-schedule]: register schedule /Users/caochengxiang/Downloads/Node Express KOA/RootNode/NodeEgg/node_modules/egg-logrotator/app/schedule/clean_log.js
2021-01-29 00:46:20,885 INFO 45421 [egg-schedule]: register schedule /Users/caochengxiang/Downloads/Node Express KOA/RootNode/NodeEgg/node_modules/egg-logrotator/app/schedule/rotate_by_file.js
2021-01-29 00:46:47,648 INFO 45427 [egg-schedule]: register schedule /Users/caochengxiang/Downloads/Node Express KOA/RootNode/NodeEgg/node_modules/egg-multipart/app/schedule/clean_tmpdir.js
2021-01-29 00:46:47,648 INFO 45427 [egg-schedule]: register schedule /Users/caochengxiang/Downloads/Node Express KOA/RootNode/NodeEgg/node_modules/egg-logrotator/app/schedule/clean_log.js
2021-01-29 00:46:47,648 INFO 45427 [egg-schedule]: register schedule /Users/caochengxiang/Downloads/Node Express KOA/RootNode/NodeEgg/node_modules/egg-logrotator/app/schedule/rotate_by_file.js
2021-01-29 00:47:02,661 INFO 45428 [egg-schedule]: register schedule /Users/caochengxiang/Downloads/Node Express KOA/RootNode/NodeEgg/node_modules/egg-multipart/app/schedule/clean_tmpdir.js
2021-01-29 00:47:02,661 INFO 45428 [egg-schedule]: register schedule /Users/caochengxiang/Downloads/Node Express KOA/RootNode/NodeEgg/node_modules/egg-logrotator/app/schedule/clean_log.js
2021-01-29 00:47:02,661 INFO 45428 [egg-schedule]: register schedule /Users/caochengxiang/Downloads/Node Express KOA/RootNode/NodeEgg/node_modules/egg-logrotator/app/schedule/rotate_by_file.js
2021-01-29 00:47:11,403 INFO 45433 [egg-schedule]: register schedule /Users/caochengxiang/Downloads/Node Express KOA/RootNode/NodeEgg/node_modules/egg-multipart/app/schedule/clean_tmpdir.js
2021-01-29 00:47:11,403 INFO 45433 [egg-schedule]: register schedule /Users/caochengxiang/Downloads/Node Express KOA/RootNode/NodeEgg/node_modules/egg-logrotator/app/schedule/clean_log.js
2021-01-29 00:47:11,403 INFO 45433 [egg-schedule]: register schedule /Users/caochengxiang/Downloads/Node Express KOA/RootNode/NodeEgg/node_modules/egg-logrotator/app/schedule/rotate_by_file.js
2021-01-29 00:48:09,017 INFO 45435 [egg-schedule]: register schedule /Users/caochengxiang/Downloads/Node Express KOA/RootNode/NodeEgg/node_modules/egg-multipart/app/schedule/clean_tmpdir.js
2021-01-29 00:48:09,017 INFO 45435 [egg-schedule]: register schedule /Users/caochengxiang/Downloads/Node Express KOA/RootNode/NodeEgg/node_modules/egg-logrotator/app/schedule/clean_log.js
2021-01-29 00:48:09,017 INFO 45435 [egg-schedule]: register schedule /Users/caochengxiang/Downloads/Node Express KOA/RootNode/NodeEgg/node_modules/egg-logrotator/app/schedule/rotate_by_file.js
2021-01-29 00:48:21,925 INFO 45438 [egg-schedule]: register schedule /Users/caochengxiang/Downloads/Node Express KOA/RootNode/NodeEgg/node_modules/egg-multipart/app/schedule/clean_tmpdir.js
2021-01-29 00:48:21,925 INFO 45438 [egg-schedule]: register schedule /Users/caochengxiang/Downloads/Node Express KOA/RootNode/NodeEgg/node_modules/egg-logrotator/app/schedule/clean_log.js
2021-01-29 00:48:21,925 INFO 45438 [egg-schedule]: register schedule /Users/caochengxiang/Downloads/Node Express KOA/RootNode/NodeEgg/node_modules/egg-logrotator/app/schedule/rotate_by_file.js
2021-01-29 00:48:26,073 INFO 45439 [egg-schedule]: register schedule /Users/caochengxiang/Downloads/Node Express KOA/RootNode/NodeEgg/node_modules/egg-multipart/app/schedule/clean_tmpdir.js
2021-01-29 00:48:26,073 INFO 45439 [egg-schedule]: register schedule /Users/caochengxiang/Downloads/Node Express KOA/RootNode/NodeEgg/node_modules/egg-logrotator/app/schedule/clean_log.js
2021-01-29 00:48:26,073 INFO 45439 [egg-schedule]: register schedule /Users/caochengxiang/Downloads/Node Express KOA/RootNode/NodeEgg/node_modules/egg-logrotator/app/schedule/rotate_by_file.js
2021-01-29 00:48:33,812 INFO 45441 [egg-schedule]: register schedule /Users/caochengxiang/Downloads/Node Express KOA/RootNode/NodeEgg/node_modules/egg-multipart/app/schedule/clean_tmpdir.js
2021-01-29 00:48:33,812 INFO 45441 [egg-schedule]: register schedule /Users/caochengxiang/Downloads/Node Express KOA/RootNode/NodeEgg/node_modules/egg-logrotator/app/schedule/clean_log.js
2021-01-29 00:48:33,812 INFO 45441 [egg-schedule]: register schedule /Users/caochengxiang/Downloads/Node Express KOA/RootNode/NodeEgg/node_modules/egg-logrotator/app/schedule/rotate_by_file.js
2021-01-29 00:48:38,434 INFO 45442 [egg-schedule]: register schedule /Users/caochengxiang/Downloads/Node Express KOA/RootNode/NodeEgg/node_modules/egg-multipart/app/schedule/clean_tmpdir.js
2021-01-29 00:48:38,434 INFO 45442 [egg-schedule]: register schedule /Users/caochengxiang/Downloads/Node Express KOA/RootNode/NodeEgg/node_modules/egg-logrotator/app/schedule/clean_log.js
2021-01-29 00:48:38,434 INFO 45442 [egg-schedule]: register schedule /Users/caochengxiang/Downloads/Node Express KOA/RootNode/NodeEgg/node_modules/egg-logrotator/app/schedule/rotate_by_file.js
2021-01-29 00:49:56,899 INFO 45460 [egg-schedule]: register schedule /Users/caochengxiang/Downloads/Node Express KOA/RootNode/NodeEgg/node_modules/egg-multipart/app/schedule/clean_tmpdir.js
2021-01-29 00:49:56,899 INFO 45460 [egg-schedule]: register schedule /Users/caochengxiang/Downloads/Node Express KOA/RootNode/NodeEgg/node_modules/egg-logrotator/app/schedule/clean_log.js
2021-01-29 00:49:56,899 INFO 45460 [egg-schedule]: register schedule /Users/caochengxiang/Downloads/Node Express KOA/RootNode/NodeEgg/node_modules/egg-logrotator/app/schedule/rotate_by_file.js
2021-01-29 00:50:08,786 INFO 45463 [egg-schedule]: register schedule /Users/caochengxiang/Downloads/Node Express KOA/RootNode/NodeEgg/node_modules/egg-multipart/app/schedule/clean_tmpdir.js
2021-01-29 00:50:08,786 INFO 45463 [egg-schedule]: register schedule /Users/caochengxiang/Downloads/Node Express KOA/RootNode/NodeEgg/node_modules/egg-logrotator/app/schedule/clean_log.js
2021-01-29 00:50:08,786 INFO 45463 [egg-schedule]: register schedule /Users/caochengxiang/Downloads/Node Express KOA/RootNode/NodeEgg/node_modules/egg-logrotator/app/schedule/rotate_by_file.js
2021-01-29 00:50:20,334 INFO 45465 [egg-schedule]: register schedule /Users/caochengxiang/Downloads/Node Express KOA/RootNode/NodeEgg/node_modules/egg-multipart/app/schedule/clean_tmpdir.js
2021-01-29 00:50:20,334 INFO 45465 [egg-schedule]: register schedule /Users/caochengxiang/Downloads/Node Express KOA/RootNode/NodeEgg/node_modules/egg-logrotator/app/schedule/clean_log.js
2021-01-29 00:50:20,334 INFO 45465 [egg-schedule]: register schedule /Users/caochengxiang/Downloads/Node Express KOA/RootNode/NodeEgg/node_modules/egg-logrotator/app/schedule/rotate_by_file.js
2021-01-29 00:50:24,255 INFO 45466 [egg-schedule]: register schedule /Users/caochengxiang/Downloads/Node Express KOA/RootNode/NodeEgg/node_modules/egg-multipart/app/schedule/clean_tmpdir.js
2021-01-29 00:50:24,257 INFO 45466 [egg-schedule]: register schedule /Users/caochengxiang/Downloads/Node Express KOA/RootNode/NodeEgg/node_modules/egg-logrotator/app/schedule/clean_log.js
2021-01-29 00:50:24,257 INFO 45466 [egg-schedule]: register schedule /Users/caochengxiang/Downloads/Node Express KOA/RootNode/NodeEgg/node_modules/egg-logrotator/app/schedule/rotate_by_file.js
2021-01-29 00:50:29,121 INFO 45470 [egg-schedule]: register schedule /Users/caochengxiang/Downloads/Node Express KOA/RootNode/NodeEgg/node_modules/egg-multipart/app/schedule/clean_tmpdir.js
2021-01-29 00:50:29,121 INFO 45470 [egg-schedule]: register schedule /Users/caochengxiang/Downloads/Node Express KOA/RootNode/NodeEgg/node_modules/egg-logrotator/app/schedule/clean_log.js
2021-01-29 00:50:29,121 INFO 45470 [egg-schedule]: register schedule /Users/caochengxiang/Downloads/Node Express KOA/RootNode/NodeEgg/node_modules/egg-logrotator/app/schedule/rotate_by_file.js
2021-01-29 00:50:56,805 INFO 45476 [egg-schedule]: register schedule /Users/caochengxiang/Downloads/Node Express KOA/RootNode/NodeEgg/node_modules/egg-multipart/app/schedule/clean_tmpdir.js
2021-01-29 00:50:56,805 INFO 45476 [egg-schedule]: register schedule /Users/caochengxiang/Downloads/Node Express KOA/RootNode/NodeEgg/node_modules/egg-logrotator/app/schedule/clean_log.js
2021-01-29 00:50:56,805 INFO 45476 [egg-schedule]: register schedule /Users/caochengxiang/Downloads/Node Express KOA/RootNode/NodeEgg/node_modules/egg-logrotator/app/schedule/rotate_by_file.js
2021-01-29 00:51:00,331 INFO 45477 [egg-schedule]: register schedule /Users/caochengxiang/Downloads/Node Express KOA/RootNode/NodeEgg/node_modules/egg-multipart/app/schedule/clean_tmpdir.js
2021-01-29 00:51:00,331 INFO 45477 [egg-schedule]: register schedule /Users/caochengxiang/Downloads/Node Express KOA/RootNode/NodeEgg/node_modules/egg-logrotator/app/schedule/clean_log.js
2021-01-29 00:51:00,331 INFO 45477 [egg-schedule]: register schedule /Users/caochengxiang/Downloads/Node Express KOA/RootNode/NodeEgg/node_modules/egg-logrotator/app/schedule/rotate_by_file.js
2021-01-29 00:51:04,006 INFO 45478 [egg-schedule]: register schedule /Users/caochengxiang/Downloads/Node Express KOA/RootNode/NodeEgg/node_modules/egg-multipart/app/schedule/clean_tmpdir.js
2021-01-29 00:51:04,006 INFO 45478 [egg-schedule]: register schedule /Users/caochengxiang/Downloads/Node Express KOA/RootNode/NodeEgg/node_modules/egg-logrotator/app/schedule/clean_log.js
2021-01-29 00:51:04,006 INFO 45478 [egg-schedule]: register schedule /Users/caochengxiang/Downloads/Node Express KOA/RootNode/NodeEgg/node_modules/egg-logrotator/app/schedule/rotate_by_file.js
2021-01-29 00:52:13,218 INFO 45484 [egg-schedule]: register schedule /Users/caochengxiang/Downloads/Node Express KOA/RootNode/NodeEgg/node_modules/egg-multipart/app/schedule/clean_tmpdir.js
2021-01-29 00:52:13,218 INFO 45484 [egg-schedule]: register schedule /Users/caochengxiang/Downloads/Node Express KOA/RootNode/NodeEgg/node_modules/egg-logrotator/app/schedule/clean_log.js
2021-01-29 00:52:13,218 INFO 45484 [egg-schedule]: register schedule /Users/caochengxiang/Downloads/Node Express KOA/RootNode/NodeEgg/node_modules/egg-logrotator/app/schedule/rotate_by_file.js
2021-01-29 00:52:57,498 INFO 45498 [egg-schedule]: register schedule /Users/caochengxiang/Downloads/Node Express KOA/RootNode/NodeEgg/node_modules/egg-multipart/app/schedule/clean_tmpdir.js
2021-01-29 00:52:57,498 INFO 45498 [egg-schedule]: register schedule /Users/caochengxiang/Downloads/Node Express KOA/RootNode/NodeEgg/node_modules/egg-logrotator/app/schedule/clean_log.js
2021-01-29 00:52:57,498 INFO 45498 [egg-schedule]: register schedule /Users/caochengxiang/Downloads/Node Express KOA/RootNode/NodeEgg/node_modules/egg-logrotator/app/schedule/rotate_by_file.js
2021-01-29 00:53:10,959 INFO 45503 [egg-schedule]: register schedule /Users/caochengxiang/Downloads/Node Express KOA/RootNode/NodeEgg/node_modules/egg-multipart/app/schedule/clean_tmpdir.js
2021-01-29 00:53:10,959 INFO 45503 [egg-schedule]: register schedule /Users/caochengxiang/Downloads/Node Express KOA/RootNode/NodeEgg/node_modules/egg-logrotator/app/schedule/clean_log.js
2021-01-29 00:53:10,959 INFO 45503 [egg-schedule]: register schedule /Users/caochengxiang/Downloads/Node Express KOA/RootNode/NodeEgg/node_modules/egg-logrotator/app/schedule/rotate_by_file.js
2021-01-29 00:53:25,082 INFO 45506 [egg-schedule]: register schedule /Users/caochengxiang/Downloads/Node Express KOA/RootNode/NodeEgg/node_modules/egg-multipart/app/schedule/clean_tmpdir.js
2021-01-29 00:53:25,082 INFO 45506 [egg-schedule]: register schedule /Users/caochengxiang/Downloads/Node Express KOA/RootNode/NodeEgg/node_modules/egg-logrotator/app/schedule/clean_log.js
2021-01-29 00:53:25,082 INFO 45506 [egg-schedule]: register schedule /Users/caochengxiang/Downloads/Node Express KOA/RootNode/NodeEgg/node_modules/egg-logrotator/app/schedule/rotate_by_file.js
2021-01-29 00:53:39,251 INFO 45509 [egg-schedule]: register schedule /Users/caochengxiang/Downloads/Node Express KOA/RootNode/NodeEgg/node_modules/egg-multipart/app/schedule/clean_tmpdir.js
2021-01-29 00:53:39,251 INFO 45509 [egg-schedule]: register schedule /Users/caochengxiang/Downloads/Node Express KOA/RootNode/NodeEgg/node_modules/egg-logrotator/app/schedule/clean_log.js
2021-01-29 00:53:39,251 INFO 45509 [egg-schedule]: register schedule /Users/caochengxiang/Downloads/Node Express KOA/RootNode/NodeEgg/node_modules/egg-logrotator/app/schedule/rotate_by_file.js
2021-01-29 00:53:43,823 INFO 45510 [egg-schedule]: register schedule /Users/caochengxiang/Downloads/Node Express KOA/RootNode/NodeEgg/node_modules/egg-multipart/app/schedule/clean_tmpdir.js
2021-01-29 00:53:43,823 INFO 45510 [egg-schedule]: register schedule /Users/caochengxiang/Downloads/Node Express KOA/RootNode/NodeEgg/node_modules/egg-logrotator/app/schedule/clean_log.js
2021-01-29 00:53:43,823 INFO 45510 [egg-schedule]: register schedule /Users/caochengxiang/Downloads/Node Express KOA/RootNode/NodeEgg/node_modules/egg-logrotator/app/schedule/rotate_by_file.js
2021-01-29 00:53:46,980 INFO 45512 [egg-schedule]: register schedule /Users/caochengxiang/Downloads/Node Express KOA/RootNode/NodeEgg/node_modules/egg-multipart/app/schedule/clean_tmpdir.js
2021-01-29 00:53:46,980 INFO 45512 [egg-schedule]: register schedule /Users/caochengxiang/Downloads/Node Express KOA/RootNode/NodeEgg/node_modules/egg-logrotator/app/schedule/clean_log.js
2021-01-29 00:53:46,980 INFO 45512 [egg-schedule]: register schedule /Users/caochengxiang/Downloads/Node Express KOA/RootNode/NodeEgg/node_modules/egg-logrotator/app/schedule/rotate_by_file.js
2021-01-29 00:53:50,385 INFO 45515 [egg-schedule]: register schedule /Users/caochengxiang/Downloads/Node Express KOA/RootNode/NodeEgg/node_modules/egg-multipart/app/schedule/clean_tmpdir.js
2021-01-29 00:53:50,385 INFO 45515 [egg-schedule]: register schedule /Users/caochengxiang/Downloads/Node Express KOA/RootNode/NodeEgg/node_modules/egg-logrotator/app/schedule/clean_log.js
2021-01-29 00:53:50,385 INFO 45515 [egg-schedule]: register schedule /Users/caochengxiang/Downloads/Node Express KOA/RootNode/NodeEgg/node_modules/egg-logrotator/app/schedule/rotate_by_file.js
2021-01-29 00:53:57,520 INFO 45516 [egg-schedule]: register schedule /Users/caochengxiang/Downloads/Node Express KOA/RootNode/NodeEgg/node_modules/egg-multipart/app/schedule/clean_tmpdir.js
2021-01-29 00:53:57,520 INFO 45516 [egg-schedule]: register schedule /Users/caochengxiang/Downloads/Node Express KOA/RootNode/NodeEgg/node_modules/egg-logrotator/app/schedule/clean_log.js
2021-01-29 00:53:57,520 INFO 45516 [egg-schedule]: register schedule /Users/caochengxiang/Downloads/Node Express KOA/RootNode/NodeEgg/node_modules/egg-logrotator/app/schedule/rotate_by_file.js
2021-01-29 00:54:03,721 INFO 45517 [egg-schedule]: register schedule /Users/caochengxiang/Downloads/Node Express KOA/RootNode/NodeEgg/node_modules/egg-multipart/app/schedule/clean_tmpdir.js
2021-01-29 00:54:03,721 INFO 45517 [egg-schedule]: register schedule /Users/caochengxiang/Downloads/Node Express KOA/RootNode/NodeEgg/node_modules/egg-logrotator/app/schedule/clean_log.js
2021-01-29 00:54:03,721 INFO 45517 [egg-schedule]: register schedule /Users/caochengxiang/Downloads/Node Express KOA/RootNode/NodeEgg/node_modules/egg-logrotator/app/schedule/rotate_by_file.js
2021-01-29 00:54:05,263 INFO 45518 [egg-schedule]: register schedule /Users/caochengxiang/Downloads/Node Express KOA/RootNode/NodeEgg/node_modules/egg-multipart/app/schedule/clean_tmpdir.js
2021-01-29 00:54:05,265 INFO 45518 [egg-schedule]: register schedule /Users/caochengxiang/Downloads/Node Express KOA/RootNode/NodeEgg/node_modules/egg-logrotator/app/schedule/clean_log.js
2021-01-29 00:54:05,265 INFO 45518 [egg-schedule]: register schedule /Users/caochengxiang/Downloads/Node Express KOA/RootNode/NodeEgg/node_modules/egg-logrotator/app/schedule/rotate_by_file.js
